<?xml version="1.0" encoding="UTF-8"?>
<!-- Generated by org.testng.reporters.JUnitReportReporter -->
<testsuite skipped="0" hostname="DDT" name="TestClasses.LoginTest" tests="1" failures="0" timestamp="21 Mar 2020 04:12:28 GMT" time="8.348" errors="0">
  <testcase name="test" time="8.348" classname="TestClasses.LoginTest"/>
</testsuite> <!-- TestClasses.LoginTest -->
