<?xml version="1.0" encoding="UTF-8"?>
<!-- Generated by org.testng.reporters.JUnitReportReporter -->
<testsuite skipped="0" hostname="DDT" name="TestClasses.LoginTest" tests="1" failures="0" timestamp="20 Mar 2020 16:00:46 GMT" time="8.086" errors="0">
  <testcase name="test" time="8.086" classname="TestClasses.LoginTest"/>
</testsuite> <!-- TestClasses.LoginTest -->
